{"name":"shr","hostname":"mm219954-pc.mitre.org","pid":33995,"level":30,"msg":"Starting CLI Import/Export","time":"2018-05-23T20:02:38.386Z","v":0}
{"name":"shr","hostname":"mm219954-pc.mitre.org","pid":33995,"module":"shr-text-input","level":40,"msg":"No project configuration file found, currently using default EXAMPLE identifiers. Auto-generating a proper 'config.json' in your specifications folder. ERROR_CODE:01001","time":"2018-05-23T20:02:38.408Z","v":0}
{"name":"shr","hostname":"mm219954-pc.mitre.org","pid":33995,"module":"shr-text-input","file":"../poplin_cimpl/poplin_ps_application_org.txt","level":20,"msg":"Start preprocessing data elements file","time":"2018-05-23T20:02:38.413Z","v":0}
{"name":"shr","hostname":"mm219954-pc.mitre.org","pid":33995,"module":"shr-text-input","file":"../poplin_cimpl/poplin_ps_application_org.txt","level":20,"shrId":"poplin.ps","msg":"Start preprocessing namespace","time":"2018-05-23T20:02:38.501Z","v":0}
{"name":"shr","hostname":"mm219954-pc.mitre.org","pid":33995,"module":"shr-text-input","file":"../poplin_cimpl/poplin_ps_application_org.txt","level":20,"shrId":"poplin.ps","msg":"Done preprocessing namespace","time":"2018-05-23T20:02:38.503Z","v":0}
{"name":"shr","hostname":"mm219954-pc.mitre.org","pid":33995,"module":"shr-text-input","file":"../poplin_cimpl/poplin_ps_application_org.txt","level":20,"msg":"Done preprocessing data elements file","time":"2018-05-23T20:02:38.503Z","v":0}
{"name":"shr","hostname":"mm219954-pc.mitre.org","pid":33995,"module":"shr-text-input","file":"../poplin_cimpl/poplin_ps_application_org_vs.txt","level":20,"msg":"Start importing value set file","time":"2018-05-23T20:02:38.504Z","v":0}
{"name":"shr","hostname":"mm219954-pc.mitre.org","pid":33995,"module":"shr-text-input","file":"../poplin_cimpl/poplin_ps_application_org_vs.txt","level":20,"shrId":"poplin.ps","version":"5.0.0","msg":"Start importing value set namespace","time":"2018-05-23T20:02:38.512Z","v":0}
{"name":"shr","hostname":"mm219954-pc.mitre.org","pid":33995,"module":"shr-text-input","file":"../poplin_cimpl/poplin_ps_application_org_vs.txt","level":20,"shrId":"","msg":"Done importing value set namespace","time":"2018-05-23T20:02:38.513Z","v":0}
{"name":"shr","hostname":"mm219954-pc.mitre.org","pid":33995,"module":"shr-text-input","file":"../poplin_cimpl/poplin_ps_application_org_vs.txt","level":20,"msg":"Done importing value set file","time":"2018-05-23T20:02:38.513Z","v":0}
{"name":"shr","hostname":"mm219954-pc.mitre.org","pid":33995,"module":"shr-text-input","file":"../poplin_cimpl/poplin_ps_application_org.txt","level":20,"msg":"Start importing data elements file","time":"2018-05-23T20:02:38.514Z","v":0}
{"name":"shr","hostname":"mm219954-pc.mitre.org","pid":33995,"module":"shr-text-input","file":"../poplin_cimpl/poplin_ps_application_org.txt","level":20,"shrId":"poplin.ps","version":"5.0.0","msg":"Start importing data element namespace","time":"2018-05-23T20:02:38.520Z","v":0}
{"name":"shr","hostname":"mm219954-pc.mitre.org","pid":33995,"module":"shr-text-input","file":"../poplin_cimpl/poplin_ps_application_org.txt","shrId":"poplin.ps.Intent","level":20,"msg":"Start importing data element","time":"2018-05-23T20:02:38.524Z","v":0}
{"name":"shr","hostname":"mm219954-pc.mitre.org","pid":33995,"module":"shr-text-input","file":"../poplin_cimpl/poplin_ps_application_org.txt","shrId":"poplin.ps.Intent","level":20,"msg":"Done importing data element","time":"2018-05-23T20:02:38.525Z","v":0}
{"name":"shr","hostname":"mm219954-pc.mitre.org","pid":33995,"module":"shr-text-input","file":"../poplin_cimpl/poplin_ps_application_org.txt","level":20,"shrId":"poplin.ps","msg":"Done importing data element namespace","time":"2018-05-23T20:02:38.525Z","v":0}
{"name":"shr","hostname":"mm219954-pc.mitre.org","pid":33995,"module":"shr-text-input","file":"../poplin_cimpl/poplin_ps_application_org.txt","level":20,"msg":"Done importing data elements file","time":"2018-05-23T20:02:38.525Z","v":0}
{"name":"shr","hostname":"mm219954-pc.mitre.org","pid":33995,"module":"shr-text-input","file":"../poplin_cimpl/poplin_ps_application_org_map.txt","level":20,"msg":"Start importing mapping file","time":"2018-05-23T20:02:38.525Z","v":0}
{"name":"shr","hostname":"mm219954-pc.mitre.org","pid":33995,"module":"shr-text-input","file":"../poplin_cimpl/poplin_ps_application_org_map.txt","level":50,"line":9,"column":9,"msg":"no viable alternative at input 'value'","time":"2018-05-23T20:02:38.556Z","v":0}
{"name":"shr","hostname":"mm219954-pc.mitre.org","pid":33995,"module":"shr-text-input","file":"../poplin_cimpl/poplin_ps_application_org_map.txt","level":20,"shrId":"poplin.ps","targetSpec":"FHIR_STU_3","version":"5.0.0","msg":"Start importing namespace mapping","time":"2018-05-23T20:02:38.558Z","v":0}
{"name":"shr","hostname":"mm219954-pc.mitre.org","pid":33995,"module":"shr-text-input","file":"../poplin_cimpl/poplin_ps_application_org_map.txt","shrId":"poplin.ps.Task","target":"Task","level":20,"msg":"Start importing element mapping","time":"2018-05-23T20:02:38.559Z","v":0}
{"name":"shr","hostname":"mm219954-pc.mitre.org","pid":33995,"module":"shr-text-input","file":"../poplin_cimpl/poplin_ps_application_org_map.txt","shrId":"poplin.ps.Task","target":"Task","level":50,"msg":"Error parsing source path: Intent.value. ERROR_CODE:11005","time":"2018-05-23T20:02:38.560Z","v":0}
{"name":"shr","hostname":"mm219954-pc.mitre.org","pid":33995,"module":"shr-text-input","file":"../poplin_cimpl/poplin_ps_application_org_map.txt","shrId":"poplin.ps.Task","target":"Task","level":20,"msg":"Done importing element mapping","time":"2018-05-23T20:02:38.561Z","v":0}
{"name":"shr","hostname":"mm219954-pc.mitre.org","pid":33995,"module":"shr-text-input","file":"../poplin_cimpl/poplin_ps_application_org_map.txt","level":20,"shrId":"poplin.ps","targetSpec":"FHIR_STU_3","version":"5.0.0","msg":"Done importing namespace mapping","time":"2018-05-23T20:02:38.561Z","v":0}
{"name":"shr","hostname":"mm219954-pc.mitre.org","pid":33995,"module":"shr-text-input","file":"../poplin_cimpl/poplin_ps_application_org_map.txt","level":20,"msg":"Done importing mapping file","time":"2018-05-23T20:02:38.561Z","v":0}
{"name":"shr","hostname":"mm219954-pc.mitre.org","pid":33995,"module":"shr-expand","shrId":"poplin.ps.Task","level":20,"msg":"Start expanding element","time":"2018-05-23T20:02:38.563Z","v":0}
{"name":"shr","hostname":"mm219954-pc.mitre.org","pid":33995,"module":"shr-expand","shrId":"poplin.ps.Intent","level":20,"msg":"Start expanding element","time":"2018-05-23T20:02:38.565Z","v":0}
{"name":"shr","hostname":"mm219954-pc.mitre.org","pid":33995,"module":"shr-expand","shrId":"poplin.ps.Intent","level":20,"msg":"Done expanding element","time":"2018-05-23T20:02:38.565Z","v":0}
{"name":"shr","hostname":"mm219954-pc.mitre.org","pid":33995,"module":"shr-expand","shrId":"poplin.ps.Task","level":20,"msg":"Done expanding element","time":"2018-05-23T20:02:38.567Z","v":0}
{"name":"shr","hostname":"mm219954-pc.mitre.org","pid":33995,"module":"shr-expand","level":40,"msg":"Could not find expanded definition of shr.base.Entry. Inheritance calculations will be incomplete. ERROR_CODE:12036","time":"2018-05-23T20:02:38.567Z","v":0}
{"name":"shr","hostname":"mm219954-pc.mitre.org","pid":33995,"module":"shr-expand","shrId":"poplin.ps.Intent","targetSpec":"FHIR_STU_3","level":20,"msg":"Start expanding mapping","time":"2018-05-23T20:02:38.569Z","v":0}
{"name":"shr","hostname":"mm219954-pc.mitre.org","pid":33995,"module":"shr-expand","shrId":"poplin.ps.Intent","targetSpec":"FHIR_STU_3","level":20,"msg":"Done expanding mapping","time":"2018-05-23T20:02:38.569Z","v":0}
{"name":"shr","hostname":"mm219954-pc.mitre.org","pid":33995,"module":"shr-expand","shrId":"poplin.ps.Task","targetSpec":"FHIR_STU_3","level":20,"msg":"Start expanding mapping","time":"2018-05-23T20:02:38.569Z","v":0}
{"name":"shr","hostname":"mm219954-pc.mitre.org","pid":33995,"module":"shr-expand","shrId":"poplin.ps.Task","targetSpec":"FHIR_STU_3","target":"Task","level":20,"msg":"Done expanding mapping","time":"2018-05-23T20:02:38.570Z","v":0}
{"name":"shr","hostname":"mm219954-pc.mitre.org","pid":33995,"module":"shr-json-export","shrId":"poplin.ps","level":20,"msg":"Start exporting namespace","time":"2018-05-23T20:02:38.576Z","v":0}
{"name":"shr","hostname":"mm219954-pc.mitre.org","pid":33995,"module":"shr-json-export","shrId":"poplin.ps.Intent","level":20,"msg":"Start exporting data element","time":"2018-05-23T20:02:38.582Z","v":0}
{"name":"shr","hostname":"mm219954-pc.mitre.org","pid":33995,"module":"shr-json-export","shrId":"poplin.ps.Intent","level":20,"msg":"Value type: IdentifiableValue","time":"2018-05-23T20:02:38.583Z","v":0}
{"name":"shr","hostname":"mm219954-pc.mitre.org","pid":33995,"module":"shr-json-export","shrId":"poplin.ps.Intent","level":20,"msg":"Done exporting data element","time":"2018-05-23T20:02:38.583Z","v":0}
{"name":"shr","hostname":"mm219954-pc.mitre.org","pid":33995,"module":"shr-json-export","shrId":"poplin.ps.Task","level":20,"msg":"Start exporting data element","time":"2018-05-23T20:02:38.583Z","v":0}
{"name":"shr","hostname":"mm219954-pc.mitre.org","pid":33995,"module":"shr-json-export","shrId":"poplin.ps.Task","level":20,"msg":"Value type: IdentifiableValue","time":"2018-05-23T20:02:38.583Z","v":0}
{"name":"shr","hostname":"mm219954-pc.mitre.org","pid":33995,"module":"shr-json-export","shrId":"poplin.ps.Task","level":20,"msg":"Done exporting data element","time":"2018-05-23T20:02:38.583Z","v":0}
{"name":"shr","hostname":"mm219954-pc.mitre.org","pid":33995,"module":"shr-json-export","shrId":"poplin.ps.Task","level":20,"msg":"Done exporting namespace","time":"2018-05-23T20:02:38.584Z","v":0}
{"name":"shr","hostname":"mm219954-pc.mitre.org","pid":33995,"module":"shr-fhir-export","shrId":"poplin.ps.Task","target":"Task","level":20,"msg":"Start mapping element","time":"2018-05-23T20:02:40.357Z","v":0}
{"name":"shr","hostname":"mm219954-pc.mitre.org","pid":33995,"module":"shr-fhir-export","shrId":"poplin.ps.Task","target":"Task","mappingRule":"Intent maps to proposal","level":20,"msg":"Start mapping rule","time":"2018-05-23T20:02:40.366Z","v":0}
{"name":"shr","hostname":"mm219954-pc.mitre.org","pid":33995,"module":"shr-fhir-export","shrId":"poplin.ps.Task","target":"Task","mappingRule":"Intent maps to proposal","level":50,"msg":"Invalid or unsupported target path. ERROR_CODE:13006","time":"2018-05-23T20:02:40.369Z","v":0}
{"name":"shr","hostname":"mm219954-pc.mitre.org","pid":33995,"module":"shr-fhir-export","shrId":"poplin.ps.Task","target":"Task","mappingRule":"Intent maps to proposal","level":20,"msg":"Done mapping rule","time":"2018-05-23T20:02:40.369Z","v":0}
{"name":"shr","hostname":"mm219954-pc.mitre.org","pid":33995,"module":"shr-fhir-export","shrId":"poplin.ps.Task","target":"Task","level":20,"msg":"Done mapping element","time":"2018-05-23T20:02:40.374Z","v":0}
{"name":"shr","hostname":"mm219954-pc.mitre.org","pid":33995,"module":"shr-json-schema-export","shrId":"poplin.ps","level":20,"msg":"Exporting namespace.","time":"2018-05-23T20:02:41.335Z","v":0}
{"name":"shr","hostname":"mm219954-pc.mitre.org","pid":33995,"module":"shr-json-schema-export","shrId":"poplin.ps.Intent","level":20,"msg":"Exporting element","time":"2018-05-23T20:02:41.337Z","v":0}
{"name":"shr","hostname":"mm219954-pc.mitre.org","pid":33995,"module":"shr-json-schema-export","shrId":"poplin.ps.Task","level":20,"msg":"Exporting element","time":"2018-05-23T20:02:41.339Z","v":0}
{"name":"shr","hostname":"mm219954-pc.mitre.org","pid":33995,"module":"shr-json-schema-export","shrId":"poplin.ps","level":20,"msg":"Finished exporting namespace.","time":"2018-05-23T20:02:41.343Z","v":0}
{"name":"shr","hostname":"mm219954-pc.mitre.org","pid":33995,"module":"shr-json-javadoc","level":30,"msg":"Compiling Documentation for 1 namespaces...","time":"2018-05-23T20:02:41.344Z","v":0}
{"name":"shr","hostname":"mm219954-pc.mitre.org","pid":33995,"module":"shr-json-javadoc","level":30,"msg":"Building documentation pages for 2 elements...","time":"2018-05-23T20:02:41.391Z","v":0}
{"name":"shr","hostname":"mm219954-pc.mitre.org","pid":33995,"level":30,"msg":"Finished CLI Import/Export","time":"2018-05-23T20:02:41.414Z","v":0}
